{"level":"info","message":"I am ready!","timestamp":"9:35:08 PM"}
{"level":"info","message":"Game Set","timestamp":"9:35:08 PM"}
{"level":"info","message":"pinged","timestamp":"9:35:27 PM"}
{"level":"info","message":"I am ready!","timestamp":"9:44:25 PM"}
{"level":"info","message":"Game Set","timestamp":"9:44:25 PM"}
{"level":"info","message":"I am ready!","timestamp":"9:47:34 PM"}
{"level":"info","message":"Game Set","timestamp":"9:47:34 PM"}
{"level":"info","message":"I am ready!","timestamp":"9:50:54 PM"}
{"level":"info","message":"Game Set","timestamp":"9:50:54 PM"}
{"level":"info","message":"I am ready!","timestamp":"9:53:36 PM"}
{"level":"info","message":"Game Set","timestamp":"9:53:36 PM"}
{"level":"info","message":"I am ready!","timestamp":"9:59:00 PM"}
{"level":"info","message":"Game Set","timestamp":"9:59:00 PM"}
{"level":"info","message":"I am ready!","timestamp":"10:00:50 PM"}
{"level":"info","message":"Game Set","timestamp":"10:00:50 PM"}
{"level":"info","message":"pinged","timestamp":"10:00:55 PM"}
{"level":"info","message":"I am ready!","timestamp":"11:07:58 PM"}
{"level":"info","message":"Game Set","timestamp":"11:07:58 PM"}
{"level":"info","message":"I am ready!","timestamp":"11:08:05 PM"}
{"level":"info","message":"Game Set","timestamp":"11:08:05 PM"}
{"level":"info","message":"I am ready!","timestamp":"7:10:56 AM"}
{"level":"info","message":"Game Set","timestamp":"7:10:56 AM"}
{"level":"info","message":"I am ready!","timestamp":"8:37:12 AM"}
{"level":"info","message":"Game Set","timestamp":"8:37:12 AM"}
{"level":"info","message":"```Mother Pool info: \nReward Recipient: BURST-E925-FACX-C2X8-49772\nURL: http://poolofd32th.club:8124/\nFee: 1% (18.4 Burst/Blockfind)\nFirst brought online: 04/12/17\nPayout: 300 Mined coin OR 24 hrs\nRewards: 60/40 (standard)\nBlock History: 50 (standard)\nRecommended plot size: 5TB+\nHighest deadline accepted: 14 days ( 1209600  )```\n-------------------------------------------------------------------------\n```Daughter Pool info:\nReward Recipient: BURST-LBQ2-XLPT-S2S8-64ZG5\nURL: http://all.poolofd32th.club:8124/\nFee: 1% (18.4 Burst/Blockfind)\nFirst brought online: 06/11/17\nPayout: 200 Mined coin OR 48 hrs\nRewards: 20/80\nBlock History: 500\nRecommended plot size: 300GB+\nHighest deadline accepted: 365 days ( 31536000 )```\nFaucet: !faucet *address*\nCooldown: 84 hours (0.5 weeks)\n\n\nOwner Information:\nPool server is owned by: Gregory Gleason @PingOfD32th#4641\nBrains of the server is: God @manfromafar#2786","timestamp":"8:40:34 AM"}
{"level":"info","message":"Tested.","timestamp":"8:40:34 AM"}
{"level":"info","message":"I am ready!","timestamp":"8:41:39 AM"}
{"level":"info","message":"Game Set","timestamp":"8:41:39 AM"}
{"level":"info","message":"I am ready!","timestamp":"8:42:47 AM"}
{"level":"info","message":"Game Set","timestamp":"8:42:47 AM"}
{"level":"info","message":"I am ready!","timestamp":"8:50:01 AM"}
{"level":"info","message":"Game Set","timestamp":"8:50:01 AM"}
{"level":"info","message":"banner requested","timestamp":"8:50:15 AM"}
{"level":"info","message":"Info Requested.","timestamp":"10:18:49 AM"}
{"level":"info","message":"I am ready!","timestamp":"11:45:32 AM"}
{"level":"info","message":"Game Set","timestamp":"11:45:32 AM"}
{"level":"info","message":"I am ready!","timestamp":"11:46:45 AM"}
{"level":"info","message":"Game Set","timestamp":"11:46:45 AM"}
{"level":"info","message":"poly requested","timestamp":"11:47:01 AM"}
{"level":"info","message":"banner requested","timestamp":"11:47:40 AM"}
{"level":"info","message":"I am ready!","timestamp":"11:48:22 AM"}
{"level":"info","message":"Game Set","timestamp":"11:48:22 AM"}
{"level":"info","message":"poly requested","timestamp":"11:48:29 AM"}
{"level":"info","message":"I am ready!","timestamp":"11:49:25 AM"}
{"level":"info","message":"Game Set","timestamp":"11:49:25 AM"}
{"level":"info","message":"poly requested","timestamp":"11:49:46 AM"}
{"level":"info","message":"Info Requested.","timestamp":"12:02:31 PM"}
{"level":"info","message":"I am ready!","timestamp":"12:30:16 PM"}
{"level":"info","message":"Game Set","timestamp":"12:30:16 PM"}
{"level":"info","message":"Info Requested.","timestamp":"12:30:25 PM"}
{"level":"info","message":"I am ready!","timestamp":"12:47:51 PM"}
{"level":"info","message":"Game Set","timestamp":"12:47:51 PM"}
{"level":"info","message":"I am ready!","timestamp":"3:31:21 PM"}
{"level":"info","message":"Game Set","timestamp":"3:31:21 PM"}
{"level":"info","message":"poly requested","timestamp":"3:32:59 PM"}
{"level":"info","message":"Info Requested.","timestamp":"3:50:49 PM"}
{"level":"info","message":"Info Requested.","timestamp":"4:02:03 PM"}
{"level":"info","message":"I am ready!","timestamp":"4:02:50 PM"}
{"level":"info","message":"Game Set","timestamp":"4:02:50 PM"}
{"level":"info","message":"Info Requested.","timestamp":"4:03:00 PM"}
{"level":"info","message":"I am ready!","timestamp":"4:04:01 PM"}
{"level":"info","message":"Game Set","timestamp":"4:04:01 PM"}
{"level":"info","message":"Info Requested.","timestamp":"4:04:06 PM"}
{"level":"info","message":"Info Requested.","timestamp":"4:10:55 PM"}
{"level":"info","message":"I am ready!","timestamp":"4:11:08 PM"}
{"level":"info","message":"Game Set","timestamp":"4:11:08 PM"}
{"level":"info","message":"Info Requested.","timestamp":"4:11:10 PM"}
{"level":"info","message":"I am ready!","timestamp":"4:11:57 PM"}
{"level":"info","message":"Game Set","timestamp":"4:11:57 PM"}
{"level":"info","message":"Info Requested.","timestamp":"4:12:02 PM"}
{"level":"info","message":"Info Requested.","timestamp":"4:41:02 PM"}
{"level":"info","message":"I am ready!","timestamp":"4:49:37 PM"}
{"level":"info","message":"Game Set","timestamp":"4:49:37 PM"}
{"level":"info","message":"new user joined the channel.","timestamp":"4:50:57 PM"}
{"level":"info","message":"new user joined the channel.","timestamp":"5:07:19 PM"}
{"level":"info","message":"I am ready!","timestamp":"5:07:24 PM"}
{"level":"info","message":"Game Set","timestamp":"5:07:24 PM"}
{"level":"info","message":"spoon requested","timestamp":"5:07:45 PM"}
{"level":"info","message":"spork requested","timestamp":"5:07:50 PM"}
{"level":"info","message":"knife requested","timestamp":"5:07:58 PM"}
{"level":"info","message":"I am ready!","timestamp":"5:47:41 PM"}
{"level":"info","message":"Game Set","timestamp":"5:47:41 PM"}
{"level":"info","message":"knife requested","timestamp":"5:47:59 PM"}
